Albumentations not available, using torchvision transforms
emotiefflib/hsemotion not installed, trying alternatives
timm not installed, trying torchvision
Using torchvision EfficientNet-B0 (ImageNet weights)
/home/rusty_admin/projects/reachy_08.4.2/trainer/fer_finetune/train_efficientnet.py:110: FutureWarning: `torch.cuda.amp.GradScaler(args...)` is deprecated. Please use `torch.amp.GradScaler('cuda', args...)` instead.
  self.scaler = GradScaler() if config.mixed_precision else None
/home/rusty_admin/projects/reachy_08.4.2/venv/lib/python3.12/site-packages/torch/cuda/amp/grad_scaler.py:31: UserWarning: torch.cuda.amp.GradScaler is enabled, but CUDA is not available.  Disabling.
  super().__init__(
/home/rusty_admin/projects/reachy_08.4.2/venv/lib/python3.12/site-packages/mlflow/tracking/_tracking_service/utils.py:178: FutureWarning: The filesystem tracking backend (e.g., './mlruns') will be deprecated in February 2026. Consider transitioning to a database backend (e.g., 'sqlite:///mlflow.db') to take advantage of the latest MLflow features. See https://github.com/mlflow/mlflow/issues/18534 for more details and migration guidance. For migrating existing data, https://github.com/mlflow/mlflow-export-import can be used.
  return FileStore(store_uri, store_uri)
/home/rusty_admin/projects/reachy_08.4.2/venv/lib/python3.12/site-packages/torch/utils/data/dataloader.py:1118: UserWarning: 'pin_memory' argument is set as true but no accelerator is found, then device pinned memory won't be used.
  super().__init__(loader)
/home/rusty_admin/projects/reachy_08.4.2/trainer/fer_finetune/train_efficientnet.py:259: FutureWarning: `torch.cuda.amp.autocast(args...)` is deprecated. Please use `torch.amp.autocast('cuda', args...)` instead.
  with autocast():
/home/rusty_admin/projects/reachy_08.4.2/venv/lib/python3.12/site-packages/torch/cuda/amp/autocast_mode.py:54: UserWarning: CUDA is not available or torch_xla is imported. Disabling autocast.
  super().__init__(
/home/rusty_admin/projects/reachy_08.4.2/venv/lib/python3.12/site-packages/torch/utils/data/dataloader.py:1118: UserWarning: 'pin_memory' argument is set as true but no accelerator is found, then device pinned memory won't be used.
  super().__init__(loader)
/home/rusty_admin/projects/reachy_08.4.2/trainer/fer_finetune/train_efficientnet.py:330: FutureWarning: `torch.cuda.amp.autocast(args...)` is deprecated. Please use `torch.amp.autocast('cuda', args...)` instead.
  with autocast():
/home/rusty_admin/projects/reachy_08.4.2/venv/lib/python3.12/site-packages/torch/cuda/amp/autocast_mode.py:54: UserWarning: CUDA is not available or torch_xla is imported. Disabling autocast.
  super().__init__(
/home/rusty_admin/projects/reachy_08.4.2/venv/lib/python3.12/site-packages/sklearn/metrics/_classification.py:620: UserWarning: A single label was found in 'y_true' and 'y_pred'. For the confusion matrix to have the correct shape, use the 'labels' parameter to pass all known labels.
  warnings.warn(
/home/rusty_admin/projects/reachy_08.4.2/venv/lib/python3.12/site-packages/sklearn/metrics/_classification.py:620: UserWarning: A single label was found in 'y_true' and 'y_pred'. For the confusion matrix to have the correct shape, use the 'labels' parameter to pass all known labels.
  warnings.warn(
Training error: float() argument must be a string or a real number, not 'list'
Traceback (most recent call last):
  File "/home/rusty_admin/projects/reachy_08.4.2/trainer/fer_finetune/train_efficientnet.py", line 572, in train
    mlflow.log_metrics({f'train_{k}': v for k, v in train_metrics.items()}, step=epoch)
  File "/home/rusty_admin/projects/reachy_08.4.2/venv/lib/python3.12/site-packages/mlflow/tracking/fluent.py", line 1246, in log_metrics
    return MlflowClient().log_batch(
           ^^^^^^^^^^^^^^^^^^^^^^^^^
  File "/home/rusty_admin/projects/reachy_08.4.2/venv/lib/python3.12/site-packages/mlflow/tracking/client.py", line 2582, in log_batch
    return self._tracking_client.log_batch(
           ^^^^^^^^^^^^^^^^^^^^^^^^^^^^^^^^
  File "/home/rusty_admin/projects/reachy_08.4.2/venv/lib/python3.12/site-packages/mlflow/telemetry/track.py", line 30, in wrapper
    result = func(*args, **kwargs)
             ^^^^^^^^^^^^^^^^^^^^^
  File "/home/rusty_admin/projects/reachy_08.4.2/venv/lib/python3.12/site-packages/mlflow/tracking/_tracking_service/client.py", line 536, in log_batch
    value=convert_metric_value_to_float_if_possible(metric.value),
          ^^^^^^^^^^^^^^^^^^^^^^^^^^^^^^^^^^^^^^^^^^^^^^^^^^^^^^^
  File "/home/rusty_admin/projects/reachy_08.4.2/venv/lib/python3.12/site-packages/mlflow/tracking/metric_value_conversion_utils.py", line 53, in convert_metric_value_to_float_if_possible
    return float(x)
           ^^^^^^^^
TypeError: float() argument must be a string or a real number, not 'list'
Training failed: {'run_id': 'curl_train_003', 'model_type': 'efficientnet_b0_hsemotion', 'status': 'error', 'epochs_completed': 0, 'best_metric': 0.0, 'gate_results': {}, 'resumed_from': None, 'error': "float() argument must be a string or a real number, not 'list'"}
