Albumentations not available, using torchvision transforms
emotiefflib/hsemotion not installed, trying alternatives
timm not installed, trying torchvision
Using torchvision EfficientNet-B0 (ImageNet weights)
/home/rusty_admin/projects/reachy_08.4.2/trainer/fer_finetune/train_efficientnet.py:110: FutureWarning: `torch.cuda.amp.GradScaler(args...)` is deprecated. Please use `torch.amp.GradScaler('cuda', args...)` instead.
  self.scaler = GradScaler() if config.mixed_precision else None
/home/rusty_admin/projects/reachy_08.4.2/venv/lib/python3.12/site-packages/torch/cuda/amp/grad_scaler.py:31: UserWarning: torch.cuda.amp.GradScaler is enabled, but CUDA is not available.  Disabling.
  super().__init__(
/home/rusty_admin/projects/reachy_08.4.2/venv/lib/python3.12/site-packages/mlflow/tracking/_tracking_service/utils.py:178: FutureWarning: The filesystem tracking backend (e.g., './mlruns') will be deprecated in February 2026. Consider transitioning to a database backend (e.g., 'sqlite:///mlflow.db') to take advantage of the latest MLflow features. See https://github.com/mlflow/mlflow/issues/18534 for more details and migration guidance. For migrating existing data, https://github.com/mlflow/mlflow-export-import can be used.
  return FileStore(store_uri, store_uri)
/home/rusty_admin/projects/reachy_08.4.2/venv/lib/python3.12/site-packages/torch/utils/data/dataloader.py:1118: UserWarning: 'pin_memory' argument is set as true but no accelerator is found, then device pinned memory won't be used.
  super().__init__(loader)
/home/rusty_admin/projects/reachy_08.4.2/trainer/fer_finetune/train_efficientnet.py:259: FutureWarning: `torch.cuda.amp.autocast(args...)` is deprecated. Please use `torch.amp.autocast('cuda', args...)` instead.
  with autocast():
/home/rusty_admin/projects/reachy_08.4.2/venv/lib/python3.12/site-packages/torch/cuda/amp/autocast_mode.py:54: UserWarning: CUDA is not available or torch_xla is imported. Disabling autocast.
  super().__init__(
/home/rusty_admin/projects/reachy_08.4.2/venv/lib/python3.12/site-packages/torch/utils/data/dataloader.py:1118: UserWarning: 'pin_memory' argument is set as true but no accelerator is found, then device pinned memory won't be used.
  super().__init__(loader)
/home/rusty_admin/projects/reachy_08.4.2/trainer/fer_finetune/train_efficientnet.py:330: FutureWarning: `torch.cuda.amp.autocast(args...)` is deprecated. Please use `torch.amp.autocast('cuda', args...)` instead.
  with autocast():
/home/rusty_admin/projects/reachy_08.4.2/venv/lib/python3.12/site-packages/torch/cuda/amp/autocast_mode.py:54: UserWarning: CUDA is not available or torch_xla is imported. Disabling autocast.
  super().__init__(
/home/rusty_admin/projects/reachy_08.4.2/venv/lib/python3.12/site-packages/sklearn/metrics/_classification.py:620: UserWarning: A single label was found in 'y_true' and 'y_pred'. For the confusion matrix to have the correct shape, use the 'labels' parameter to pass all known labels.
  warnings.warn(
/home/rusty_admin/projects/reachy_08.4.2/venv/lib/python3.12/site-packages/sklearn/metrics/_classification.py:620: UserWarning: A single label was found in 'y_true' and 'y_pred'. For the confusion matrix to have the correct shape, use the 'labels' parameter to pass all known labels.
  warnings.warn(
/home/rusty_admin/projects/reachy_08.4.2/venv/lib/python3.12/site-packages/torch/utils/data/dataloader.py:1118: UserWarning: 'pin_memory' argument is set as true but no accelerator is found, then device pinned memory won't be used.
  super().__init__(loader)
/home/rusty_admin/projects/reachy_08.4.2/trainer/fer_finetune/train_efficientnet.py:259: FutureWarning: `torch.cuda.amp.autocast(args...)` is deprecated. Please use `torch.amp.autocast('cuda', args...)` instead.
  with autocast():
/home/rusty_admin/projects/reachy_08.4.2/venv/lib/python3.12/site-packages/torch/cuda/amp/autocast_mode.py:54: UserWarning: CUDA is not available or torch_xla is imported. Disabling autocast.
  super().__init__(
/home/rusty_admin/projects/reachy_08.4.2/venv/lib/python3.12/site-packages/torch/utils/data/dataloader.py:1118: UserWarning: 'pin_memory' argument is set as true but no accelerator is found, then device pinned memory won't be used.
  super().__init__(loader)
/home/rusty_admin/projects/reachy_08.4.2/trainer/fer_finetune/train_efficientnet.py:330: FutureWarning: `torch.cuda.amp.autocast(args...)` is deprecated. Please use `torch.amp.autocast('cuda', args...)` instead.
  with autocast():
/home/rusty_admin/projects/reachy_08.4.2/venv/lib/python3.12/site-packages/torch/cuda/amp/autocast_mode.py:54: UserWarning: CUDA is not available or torch_xla is imported. Disabling autocast.
  super().__init__(
/home/rusty_admin/projects/reachy_08.4.2/venv/lib/python3.12/site-packages/sklearn/metrics/_classification.py:620: UserWarning: A single label was found in 'y_true' and 'y_pred'. For the confusion matrix to have the correct shape, use the 'labels' parameter to pass all known labels.
  warnings.warn(
/home/rusty_admin/projects/reachy_08.4.2/venv/lib/python3.12/site-packages/sklearn/metrics/_classification.py:620: UserWarning: A single label was found in 'y_true' and 'y_pred'. For the confusion matrix to have the correct shape, use the 'labels' parameter to pass all known labels.
  warnings.warn(
/home/rusty_admin/projects/reachy_08.4.2/venv/lib/python3.12/site-packages/torch/utils/data/dataloader.py:1118: UserWarning: 'pin_memory' argument is set as true but no accelerator is found, then device pinned memory won't be used.
  super().__init__(loader)
/home/rusty_admin/projects/reachy_08.4.2/trainer/fer_finetune/train_efficientnet.py:259: FutureWarning: `torch.cuda.amp.autocast(args...)` is deprecated. Please use `torch.amp.autocast('cuda', args...)` instead.
  with autocast():
/home/rusty_admin/projects/reachy_08.4.2/venv/lib/python3.12/site-packages/torch/cuda/amp/autocast_mode.py:54: UserWarning: CUDA is not available or torch_xla is imported. Disabling autocast.
  super().__init__(
/home/rusty_admin/projects/reachy_08.4.2/venv/lib/python3.12/site-packages/torch/utils/data/dataloader.py:1118: UserWarning: 'pin_memory' argument is set as true but no accelerator is found, then device pinned memory won't be used.
  super().__init__(loader)
/home/rusty_admin/projects/reachy_08.4.2/trainer/fer_finetune/train_efficientnet.py:330: FutureWarning: `torch.cuda.amp.autocast(args...)` is deprecated. Please use `torch.amp.autocast('cuda', args...)` instead.
  with autocast():
/home/rusty_admin/projects/reachy_08.4.2/venv/lib/python3.12/site-packages/torch/cuda/amp/autocast_mode.py:54: UserWarning: CUDA is not available or torch_xla is imported. Disabling autocast.
  super().__init__(
/home/rusty_admin/projects/reachy_08.4.2/venv/lib/python3.12/site-packages/sklearn/metrics/_classification.py:2924: UserWarning: y_pred contains classes not in y_true
  warnings.warn("y_pred contains classes not in y_true")
/home/rusty_admin/projects/reachy_08.4.2/venv/lib/python3.12/site-packages/torch/utils/data/dataloader.py:1118: UserWarning: 'pin_memory' argument is set as true but no accelerator is found, then device pinned memory won't be used.
  super().__init__(loader)
/home/rusty_admin/projects/reachy_08.4.2/trainer/fer_finetune/train_efficientnet.py:259: FutureWarning: `torch.cuda.amp.autocast(args...)` is deprecated. Please use `torch.amp.autocast('cuda', args...)` instead.
  with autocast():
/home/rusty_admin/projects/reachy_08.4.2/venv/lib/python3.12/site-packages/torch/cuda/amp/autocast_mode.py:54: UserWarning: CUDA is not available or torch_xla is imported. Disabling autocast.
  super().__init__(
/home/rusty_admin/projects/reachy_08.4.2/venv/lib/python3.12/site-packages/torch/utils/data/dataloader.py:1118: UserWarning: 'pin_memory' argument is set as true but no accelerator is found, then device pinned memory won't be used.
  super().__init__(loader)
/home/rusty_admin/projects/reachy_08.4.2/trainer/fer_finetune/train_efficientnet.py:330: FutureWarning: `torch.cuda.amp.autocast(args...)` is deprecated. Please use `torch.amp.autocast('cuda', args...)` instead.
  with autocast():
/home/rusty_admin/projects/reachy_08.4.2/venv/lib/python3.12/site-packages/torch/cuda/amp/autocast_mode.py:54: UserWarning: CUDA is not available or torch_xla is imported. Disabling autocast.
  super().__init__(
/home/rusty_admin/projects/reachy_08.4.2/venv/lib/python3.12/site-packages/sklearn/metrics/_classification.py:620: UserWarning: A single label was found in 'y_true' and 'y_pred'. For the confusion matrix to have the correct shape, use the 'labels' parameter to pass all known labels.
  warnings.warn(
/home/rusty_admin/projects/reachy_08.4.2/venv/lib/python3.12/site-packages/sklearn/metrics/_classification.py:620: UserWarning: A single label was found in 'y_true' and 'y_pred'. For the confusion matrix to have the correct shape, use the 'labels' parameter to pass all known labels.
  warnings.warn(
/home/rusty_admin/projects/reachy_08.4.2/venv/lib/python3.12/site-packages/torch/utils/data/dataloader.py:1118: UserWarning: 'pin_memory' argument is set as true but no accelerator is found, then device pinned memory won't be used.
  super().__init__(loader)
/home/rusty_admin/projects/reachy_08.4.2/trainer/fer_finetune/train_efficientnet.py:259: FutureWarning: `torch.cuda.amp.autocast(args...)` is deprecated. Please use `torch.amp.autocast('cuda', args...)` instead.
  with autocast():
/home/rusty_admin/projects/reachy_08.4.2/venv/lib/python3.12/site-packages/torch/cuda/amp/autocast_mode.py:54: UserWarning: CUDA is not available or torch_xla is imported. Disabling autocast.
  super().__init__(
/home/rusty_admin/projects/reachy_08.4.2/venv/lib/python3.12/site-packages/torch/utils/data/dataloader.py:1118: UserWarning: 'pin_memory' argument is set as true but no accelerator is found, then device pinned memory won't be used.
  super().__init__(loader)
/home/rusty_admin/projects/reachy_08.4.2/trainer/fer_finetune/train_efficientnet.py:330: FutureWarning: `torch.cuda.amp.autocast(args...)` is deprecated. Please use `torch.amp.autocast('cuda', args...)` instead.
  with autocast():
/home/rusty_admin/projects/reachy_08.4.2/venv/lib/python3.12/site-packages/torch/cuda/amp/autocast_mode.py:54: UserWarning: CUDA is not available or torch_xla is imported. Disabling autocast.
  super().__init__(
/home/rusty_admin/projects/reachy_08.4.2/venv/lib/python3.12/site-packages/sklearn/metrics/_classification.py:620: UserWarning: A single label was found in 'y_true' and 'y_pred'. For the confusion matrix to have the correct shape, use the 'labels' parameter to pass all known labels.
  warnings.warn(
/home/rusty_admin/projects/reachy_08.4.2/venv/lib/python3.12/site-packages/sklearn/metrics/_classification.py:620: UserWarning: A single label was found in 'y_true' and 'y_pred'. For the confusion matrix to have the correct shape, use the 'labels' parameter to pass all known labels.
  warnings.warn(
/home/rusty_admin/projects/reachy_08.4.2/venv/lib/python3.12/site-packages/torch/utils/data/dataloader.py:1118: UserWarning: 'pin_memory' argument is set as true but no accelerator is found, then device pinned memory won't be used.
  super().__init__(loader)
/home/rusty_admin/projects/reachy_08.4.2/trainer/fer_finetune/train_efficientnet.py:259: FutureWarning: `torch.cuda.amp.autocast(args...)` is deprecated. Please use `torch.amp.autocast('cuda', args...)` instead.
  with autocast():
/home/rusty_admin/projects/reachy_08.4.2/venv/lib/python3.12/site-packages/torch/cuda/amp/autocast_mode.py:54: UserWarning: CUDA is not available or torch_xla is imported. Disabling autocast.
  super().__init__(
/home/rusty_admin/projects/reachy_08.4.2/venv/lib/python3.12/site-packages/torch/utils/data/dataloader.py:1118: UserWarning: 'pin_memory' argument is set as true but no accelerator is found, then device pinned memory won't be used.
  super().__init__(loader)
/home/rusty_admin/projects/reachy_08.4.2/trainer/fer_finetune/train_efficientnet.py:330: FutureWarning: `torch.cuda.amp.autocast(args...)` is deprecated. Please use `torch.amp.autocast('cuda', args...)` instead.
  with autocast():
/home/rusty_admin/projects/reachy_08.4.2/venv/lib/python3.12/site-packages/torch/cuda/amp/autocast_mode.py:54: UserWarning: CUDA is not available or torch_xla is imported. Disabling autocast.
  super().__init__(
/home/rusty_admin/projects/reachy_08.4.2/venv/lib/python3.12/site-packages/sklearn/metrics/_classification.py:2924: UserWarning: y_pred contains classes not in y_true
  warnings.warn("y_pred contains classes not in y_true")
/home/rusty_admin/projects/reachy_08.4.2/venv/lib/python3.12/site-packages/torch/utils/data/dataloader.py:1118: UserWarning: 'pin_memory' argument is set as true but no accelerator is found, then device pinned memory won't be used.
  super().__init__(loader)
/home/rusty_admin/projects/reachy_08.4.2/trainer/fer_finetune/train_efficientnet.py:259: FutureWarning: `torch.cuda.amp.autocast(args...)` is deprecated. Please use `torch.amp.autocast('cuda', args...)` instead.
  with autocast():
/home/rusty_admin/projects/reachy_08.4.2/venv/lib/python3.12/site-packages/torch/cuda/amp/autocast_mode.py:54: UserWarning: CUDA is not available or torch_xla is imported. Disabling autocast.
  super().__init__(
/home/rusty_admin/projects/reachy_08.4.2/venv/lib/python3.12/site-packages/torch/utils/data/dataloader.py:1118: UserWarning: 'pin_memory' argument is set as true but no accelerator is found, then device pinned memory won't be used.
  super().__init__(loader)
/home/rusty_admin/projects/reachy_08.4.2/trainer/fer_finetune/train_efficientnet.py:330: FutureWarning: `torch.cuda.amp.autocast(args...)` is deprecated. Please use `torch.amp.autocast('cuda', args...)` instead.
  with autocast():
/home/rusty_admin/projects/reachy_08.4.2/venv/lib/python3.12/site-packages/torch/cuda/amp/autocast_mode.py:54: UserWarning: CUDA is not available or torch_xla is imported. Disabling autocast.
  super().__init__(
/home/rusty_admin/projects/reachy_08.4.2/venv/lib/python3.12/site-packages/sklearn/metrics/_classification.py:620: UserWarning: A single label was found in 'y_true' and 'y_pred'. For the confusion matrix to have the correct shape, use the 'labels' parameter to pass all known labels.
  warnings.warn(
/home/rusty_admin/projects/reachy_08.4.2/venv/lib/python3.12/site-packages/sklearn/metrics/_classification.py:620: UserWarning: A single label was found in 'y_true' and 'y_pred'. For the confusion matrix to have the correct shape, use the 'labels' parameter to pass all known labels.
  warnings.warn(
/home/rusty_admin/projects/reachy_08.4.2/venv/lib/python3.12/site-packages/torch/utils/data/dataloader.py:1118: UserWarning: 'pin_memory' argument is set as true but no accelerator is found, then device pinned memory won't be used.
  super().__init__(loader)
/home/rusty_admin/projects/reachy_08.4.2/trainer/fer_finetune/train_efficientnet.py:259: FutureWarning: `torch.cuda.amp.autocast(args...)` is deprecated. Please use `torch.amp.autocast('cuda', args...)` instead.
  with autocast():
/home/rusty_admin/projects/reachy_08.4.2/venv/lib/python3.12/site-packages/torch/cuda/amp/autocast_mode.py:54: UserWarning: CUDA is not available or torch_xla is imported. Disabling autocast.
  super().__init__(
/home/rusty_admin/projects/reachy_08.4.2/venv/lib/python3.12/site-packages/torch/utils/data/dataloader.py:1118: UserWarning: 'pin_memory' argument is set as true but no accelerator is found, then device pinned memory won't be used.
  super().__init__(loader)
/home/rusty_admin/projects/reachy_08.4.2/trainer/fer_finetune/train_efficientnet.py:330: FutureWarning: `torch.cuda.amp.autocast(args...)` is deprecated. Please use `torch.amp.autocast('cuda', args...)` instead.
  with autocast():
/home/rusty_admin/projects/reachy_08.4.2/venv/lib/python3.12/site-packages/torch/cuda/amp/autocast_mode.py:54: UserWarning: CUDA is not available or torch_xla is imported. Disabling autocast.
  super().__init__(
/home/rusty_admin/projects/reachy_08.4.2/venv/lib/python3.12/site-packages/sklearn/metrics/_classification.py:2924: UserWarning: y_pred contains classes not in y_true
  warnings.warn("y_pred contains classes not in y_true")
/home/rusty_admin/projects/reachy_08.4.2/venv/lib/python3.12/site-packages/torch/utils/data/dataloader.py:1118: UserWarning: 'pin_memory' argument is set as true but no accelerator is found, then device pinned memory won't be used.
  super().__init__(loader)
/home/rusty_admin/projects/reachy_08.4.2/trainer/fer_finetune/train_efficientnet.py:259: FutureWarning: `torch.cuda.amp.autocast(args...)` is deprecated. Please use `torch.amp.autocast('cuda', args...)` instead.
  with autocast():
/home/rusty_admin/projects/reachy_08.4.2/venv/lib/python3.12/site-packages/torch/cuda/amp/autocast_mode.py:54: UserWarning: CUDA is not available or torch_xla is imported. Disabling autocast.
  super().__init__(
/home/rusty_admin/projects/reachy_08.4.2/venv/lib/python3.12/site-packages/torch/utils/data/dataloader.py:1118: UserWarning: 'pin_memory' argument is set as true but no accelerator is found, then device pinned memory won't be used.
  super().__init__(loader)
/home/rusty_admin/projects/reachy_08.4.2/trainer/fer_finetune/train_efficientnet.py:330: FutureWarning: `torch.cuda.amp.autocast(args...)` is deprecated. Please use `torch.amp.autocast('cuda', args...)` instead.
  with autocast():
/home/rusty_admin/projects/reachy_08.4.2/venv/lib/python3.12/site-packages/torch/cuda/amp/autocast_mode.py:54: UserWarning: CUDA is not available or torch_xla is imported. Disabling autocast.
  super().__init__(
/home/rusty_admin/projects/reachy_08.4.2/venv/lib/python3.12/site-packages/sklearn/metrics/_classification.py:620: UserWarning: A single label was found in 'y_true' and 'y_pred'. For the confusion matrix to have the correct shape, use the 'labels' parameter to pass all known labels.
  warnings.warn(
/home/rusty_admin/projects/reachy_08.4.2/venv/lib/python3.12/site-packages/sklearn/metrics/_classification.py:620: UserWarning: A single label was found in 'y_true' and 'y_pred'. For the confusion matrix to have the correct shape, use the 'labels' parameter to pass all known labels.
  warnings.warn(
/home/rusty_admin/projects/reachy_08.4.2/venv/lib/python3.12/site-packages/torch/utils/data/dataloader.py:1118: UserWarning: 'pin_memory' argument is set as true but no accelerator is found, then device pinned memory won't be used.
  super().__init__(loader)
/home/rusty_admin/projects/reachy_08.4.2/trainer/fer_finetune/train_efficientnet.py:259: FutureWarning: `torch.cuda.amp.autocast(args...)` is deprecated. Please use `torch.amp.autocast('cuda', args...)` instead.
  with autocast():
/home/rusty_admin/projects/reachy_08.4.2/venv/lib/python3.12/site-packages/torch/cuda/amp/autocast_mode.py:54: UserWarning: CUDA is not available or torch_xla is imported. Disabling autocast.
  super().__init__(
/home/rusty_admin/projects/reachy_08.4.2/venv/lib/python3.12/site-packages/torch/utils/data/dataloader.py:1118: UserWarning: 'pin_memory' argument is set as true but no accelerator is found, then device pinned memory won't be used.
  super().__init__(loader)
/home/rusty_admin/projects/reachy_08.4.2/trainer/fer_finetune/train_efficientnet.py:330: FutureWarning: `torch.cuda.amp.autocast(args...)` is deprecated. Please use `torch.amp.autocast('cuda', args...)` instead.
  with autocast():
/home/rusty_admin/projects/reachy_08.4.2/venv/lib/python3.12/site-packages/torch/cuda/amp/autocast_mode.py:54: UserWarning: CUDA is not available or torch_xla is imported. Disabling autocast.
  super().__init__(
/home/rusty_admin/projects/reachy_08.4.2/venv/lib/python3.12/site-packages/sklearn/metrics/_classification.py:620: UserWarning: A single label was found in 'y_true' and 'y_pred'. For the confusion matrix to have the correct shape, use the 'labels' parameter to pass all known labels.
  warnings.warn(
/home/rusty_admin/projects/reachy_08.4.2/venv/lib/python3.12/site-packages/sklearn/metrics/_classification.py:620: UserWarning: A single label was found in 'y_true' and 'y_pred'. For the confusion matrix to have the correct shape, use the 'labels' parameter to pass all known labels.
  warnings.warn(
/home/rusty_admin/projects/reachy_08.4.2/venv/lib/python3.12/site-packages/torch/utils/data/dataloader.py:1118: UserWarning: 'pin_memory' argument is set as true but no accelerator is found, then device pinned memory won't be used.
  super().__init__(loader)
/home/rusty_admin/projects/reachy_08.4.2/trainer/fer_finetune/train_efficientnet.py:259: FutureWarning: `torch.cuda.amp.autocast(args...)` is deprecated. Please use `torch.amp.autocast('cuda', args...)` instead.
  with autocast():
/home/rusty_admin/projects/reachy_08.4.2/venv/lib/python3.12/site-packages/torch/cuda/amp/autocast_mode.py:54: UserWarning: CUDA is not available or torch_xla is imported. Disabling autocast.
  super().__init__(
/home/rusty_admin/projects/reachy_08.4.2/venv/lib/python3.12/site-packages/torch/utils/data/dataloader.py:1118: UserWarning: 'pin_memory' argument is set as true but no accelerator is found, then device pinned memory won't be used.
  super().__init__(loader)
/home/rusty_admin/projects/reachy_08.4.2/trainer/fer_finetune/train_efficientnet.py:330: FutureWarning: `torch.cuda.amp.autocast(args...)` is deprecated. Please use `torch.amp.autocast('cuda', args...)` instead.
  with autocast():
/home/rusty_admin/projects/reachy_08.4.2/venv/lib/python3.12/site-packages/torch/cuda/amp/autocast_mode.py:54: UserWarning: CUDA is not available or torch_xla is imported. Disabling autocast.
  super().__init__(
/home/rusty_admin/projects/reachy_08.4.2/venv/lib/python3.12/site-packages/sklearn/metrics/_classification.py:2924: UserWarning: y_pred contains classes not in y_true
  warnings.warn("y_pred contains classes not in y_true")
Training completed - Gate A FAILED
Traceback (most recent call last):
  File "<frozen runpy>", line 198, in _run_module_as_main
  File "<frozen runpy>", line 88, in _run_code
  File "/home/rusty_admin/projects/reachy_08.4.2/trainer/run_efficientnet_pipeline.py", line 384, in <module>
    raise SystemExit(main())
                     ^^^^^^
  File "/home/rusty_admin/projects/reachy_08.4.2/trainer/run_efficientnet_pipeline.py", line 326, in main
    preds = _collect_predictions(
            ^^^^^^^^^^^^^^^^^^^^^
  File "/home/rusty_admin/projects/reachy_08.4.2/trainer/run_efficientnet_pipeline.py", line 199, in _collect_predictions
    model = load_pretrained_model(str(checkpoint_path), num_classes=len(class_names), device=device)
            ^^^^^^^^^^^^^^^^^^^^^^^^^^^^^^^^^^^^^^^^^^^^^^^^^^^^^^^^^^^^^^^^^^^^^^^^^^^^^^^^^^^^^^^^
  File "/home/rusty_admin/projects/reachy_08.4.2/trainer/fer_finetune/model_efficientnet.py", line 428, in load_pretrained_model
    checkpoint = torch.load(checkpoint_path, map_location=device)
                 ^^^^^^^^^^^^^^^^^^^^^^^^^^^^^^^^^^^^^^^^^^^^^^^^
  File "/home/rusty_admin/projects/reachy_08.4.2/venv/lib/python3.12/site-packages/torch/serialization.py", line 1548, in load
    raise pickle.UnpicklingError(_get_wo_message(str(e))) from None
_pickle.UnpicklingError: Weights only load failed. This file can still be loaded, to do so you have two options, [1mdo those steps only if you trust the source of the checkpoint[0m. 
	(1) In PyTorch 2.6, we changed the default value of the `weights_only` argument in `torch.load` from `False` to `True`. Re-running `torch.load` with `weights_only` set to `False` will likely succeed, but it can result in arbitrary code execution. Do it only if you got the file from a trusted source.
	(2) Alternatively, to load with `weights_only=True` please check the recommended steps in the following error message.
	WeightsUnpickler error: Unsupported global: GLOBAL numpy._core.multiarray.scalar was not an allowed global by default. Please use `torch.serialization.add_safe_globals([numpy._core.multiarray.scalar])` or the `torch.serialization.safe_globals([numpy._core.multiarray.scalar])` context manager to allowlist this global if you trust this class/function.

Check the documentation of torch.load to learn more about types accepted by default with weights_only https://pytorch.org/docs/stable/generated/torch.load.html.
