Albumentations not available, using torchvision transforms
emotiefflib/hsemotion not installed, trying alternatives
timm not installed, trying torchvision
Using torchvision EfficientNet-B0 (ImageNet weights)
/home/rusty_admin/projects/reachy_08.4.2/trainer/fer_finetune/train_efficientnet.py:111: FutureWarning: `torch.cuda.amp.GradScaler(args...)` is deprecated. Please use `torch.amp.GradScaler('cuda', args...)` instead.
  self.scaler = GradScaler() if config.mixed_precision else None
/home/rusty_admin/projects/reachy_08.4.2/venv/lib/python3.12/site-packages/torch/cuda/amp/grad_scaler.py:31: UserWarning: torch.cuda.amp.GradScaler is enabled, but CUDA is not available.  Disabling.
  super().__init__(
/home/rusty_admin/projects/reachy_08.4.2/venv/lib/python3.12/site-packages/mlflow/tracking/_tracking_service/utils.py:178: FutureWarning: The filesystem tracking backend (e.g., './mlruns') will be deprecated in February 2026. Consider transitioning to a database backend (e.g., 'sqlite:///mlflow.db') to take advantage of the latest MLflow features. See https://github.com/mlflow/mlflow/issues/18534 for more details and migration guidance. For migrating existing data, https://github.com/mlflow/mlflow-export-import can be used.
  return FileStore(store_uri, store_uri)
/home/rusty_admin/projects/reachy_08.4.2/venv/lib/python3.12/site-packages/torch/utils/data/dataloader.py:1118: UserWarning: 'pin_memory' argument is set as true but no accelerator is found, then device pinned memory won't be used.
  super().__init__(loader)
/home/rusty_admin/projects/reachy_08.4.2/trainer/fer_finetune/train_efficientnet.py:278: FutureWarning: `torch.cuda.amp.autocast(args...)` is deprecated. Please use `torch.amp.autocast('cuda', args...)` instead.
  with autocast():
/home/rusty_admin/projects/reachy_08.4.2/venv/lib/python3.12/site-packages/torch/cuda/amp/autocast_mode.py:54: UserWarning: CUDA is not available or torch_xla is imported. Disabling autocast.
  super().__init__(
/home/rusty_admin/projects/reachy_08.4.2/venv/lib/python3.12/site-packages/torch/utils/data/dataloader.py:1118: UserWarning: 'pin_memory' argument is set as true but no accelerator is found, then device pinned memory won't be used.
  super().__init__(loader)
/home/rusty_admin/projects/reachy_08.4.2/trainer/fer_finetune/train_efficientnet.py:349: FutureWarning: `torch.cuda.amp.autocast(args...)` is deprecated. Please use `torch.amp.autocast('cuda', args...)` instead.
  with autocast():
/home/rusty_admin/projects/reachy_08.4.2/venv/lib/python3.12/site-packages/torch/cuda/amp/autocast_mode.py:54: UserWarning: CUDA is not available or torch_xla is imported. Disabling autocast.
  super().__init__(
/home/rusty_admin/projects/reachy_08.4.2/venv/lib/python3.12/site-packages/sklearn/metrics/_classification.py:2924: UserWarning: y_pred contains classes not in y_true
  warnings.warn("y_pred contains classes not in y_true")
/home/rusty_admin/projects/reachy_08.4.2/venv/lib/python3.12/site-packages/torch/utils/data/dataloader.py:1118: UserWarning: 'pin_memory' argument is set as true but no accelerator is found, then device pinned memory won't be used.
  super().__init__(loader)
/home/rusty_admin/projects/reachy_08.4.2/trainer/fer_finetune/train_efficientnet.py:278: FutureWarning: `torch.cuda.amp.autocast(args...)` is deprecated. Please use `torch.amp.autocast('cuda', args...)` instead.
  with autocast():
/home/rusty_admin/projects/reachy_08.4.2/venv/lib/python3.12/site-packages/torch/cuda/amp/autocast_mode.py:54: UserWarning: CUDA is not available or torch_xla is imported. Disabling autocast.
  super().__init__(
/home/rusty_admin/projects/reachy_08.4.2/venv/lib/python3.12/site-packages/torch/utils/data/dataloader.py:1118: UserWarning: 'pin_memory' argument is set as true but no accelerator is found, then device pinned memory won't be used.
  super().__init__(loader)
/home/rusty_admin/projects/reachy_08.4.2/trainer/fer_finetune/train_efficientnet.py:349: FutureWarning: `torch.cuda.amp.autocast(args...)` is deprecated. Please use `torch.amp.autocast('cuda', args...)` instead.
  with autocast():
/home/rusty_admin/projects/reachy_08.4.2/venv/lib/python3.12/site-packages/torch/cuda/amp/autocast_mode.py:54: UserWarning: CUDA is not available or torch_xla is imported. Disabling autocast.
  super().__init__(
/home/rusty_admin/projects/reachy_08.4.2/venv/lib/python3.12/site-packages/sklearn/metrics/_classification.py:2924: UserWarning: y_pred contains classes not in y_true
  warnings.warn("y_pred contains classes not in y_true")
/home/rusty_admin/projects/reachy_08.4.2/venv/lib/python3.12/site-packages/torch/utils/data/dataloader.py:1118: UserWarning: 'pin_memory' argument is set as true but no accelerator is found, then device pinned memory won't be used.
  super().__init__(loader)
/home/rusty_admin/projects/reachy_08.4.2/trainer/fer_finetune/train_efficientnet.py:278: FutureWarning: `torch.cuda.amp.autocast(args...)` is deprecated. Please use `torch.amp.autocast('cuda', args...)` instead.
  with autocast():
/home/rusty_admin/projects/reachy_08.4.2/venv/lib/python3.12/site-packages/torch/cuda/amp/autocast_mode.py:54: UserWarning: CUDA is not available or torch_xla is imported. Disabling autocast.
  super().__init__(
/home/rusty_admin/projects/reachy_08.4.2/venv/lib/python3.12/site-packages/torch/utils/data/dataloader.py:1118: UserWarning: 'pin_memory' argument is set as true but no accelerator is found, then device pinned memory won't be used.
  super().__init__(loader)
/home/rusty_admin/projects/reachy_08.4.2/trainer/fer_finetune/train_efficientnet.py:349: FutureWarning: `torch.cuda.amp.autocast(args...)` is deprecated. Please use `torch.amp.autocast('cuda', args...)` instead.
  with autocast():
/home/rusty_admin/projects/reachy_08.4.2/venv/lib/python3.12/site-packages/torch/cuda/amp/autocast_mode.py:54: UserWarning: CUDA is not available or torch_xla is imported. Disabling autocast.
  super().__init__(
/home/rusty_admin/projects/reachy_08.4.2/venv/lib/python3.12/site-packages/sklearn/metrics/_classification.py:2924: UserWarning: y_pred contains classes not in y_true
  warnings.warn("y_pred contains classes not in y_true")
/home/rusty_admin/projects/reachy_08.4.2/venv/lib/python3.12/site-packages/torch/utils/data/dataloader.py:1118: UserWarning: 'pin_memory' argument is set as true but no accelerator is found, then device pinned memory won't be used.
  super().__init__(loader)
/home/rusty_admin/projects/reachy_08.4.2/trainer/fer_finetune/train_efficientnet.py:278: FutureWarning: `torch.cuda.amp.autocast(args...)` is deprecated. Please use `torch.amp.autocast('cuda', args...)` instead.
  with autocast():
/home/rusty_admin/projects/reachy_08.4.2/venv/lib/python3.12/site-packages/torch/cuda/amp/autocast_mode.py:54: UserWarning: CUDA is not available or torch_xla is imported. Disabling autocast.
  super().__init__(
/home/rusty_admin/projects/reachy_08.4.2/venv/lib/python3.12/site-packages/torch/utils/data/dataloader.py:1118: UserWarning: 'pin_memory' argument is set as true but no accelerator is found, then device pinned memory won't be used.
  super().__init__(loader)
/home/rusty_admin/projects/reachy_08.4.2/trainer/fer_finetune/train_efficientnet.py:349: FutureWarning: `torch.cuda.amp.autocast(args...)` is deprecated. Please use `torch.amp.autocast('cuda', args...)` instead.
  with autocast():
/home/rusty_admin/projects/reachy_08.4.2/venv/lib/python3.12/site-packages/torch/cuda/amp/autocast_mode.py:54: UserWarning: CUDA is not available or torch_xla is imported. Disabling autocast.
  super().__init__(
/home/rusty_admin/projects/reachy_08.4.2/venv/lib/python3.12/site-packages/sklearn/metrics/_classification.py:2924: UserWarning: y_pred contains classes not in y_true
  warnings.warn("y_pred contains classes not in y_true")
/home/rusty_admin/projects/reachy_08.4.2/venv/lib/python3.12/site-packages/torch/utils/data/dataloader.py:1118: UserWarning: 'pin_memory' argument is set as true but no accelerator is found, then device pinned memory won't be used.
  super().__init__(loader)
/home/rusty_admin/projects/reachy_08.4.2/trainer/fer_finetune/train_efficientnet.py:278: FutureWarning: `torch.cuda.amp.autocast(args...)` is deprecated. Please use `torch.amp.autocast('cuda', args...)` instead.
  with autocast():
/home/rusty_admin/projects/reachy_08.4.2/venv/lib/python3.12/site-packages/torch/cuda/amp/autocast_mode.py:54: UserWarning: CUDA is not available or torch_xla is imported. Disabling autocast.
  super().__init__(
/home/rusty_admin/projects/reachy_08.4.2/venv/lib/python3.12/site-packages/torch/utils/data/dataloader.py:1118: UserWarning: 'pin_memory' argument is set as true but no accelerator is found, then device pinned memory won't be used.
  super().__init__(loader)
/home/rusty_admin/projects/reachy_08.4.2/trainer/fer_finetune/train_efficientnet.py:349: FutureWarning: `torch.cuda.amp.autocast(args...)` is deprecated. Please use `torch.amp.autocast('cuda', args...)` instead.
  with autocast():
/home/rusty_admin/projects/reachy_08.4.2/venv/lib/python3.12/site-packages/torch/cuda/amp/autocast_mode.py:54: UserWarning: CUDA is not available or torch_xla is imported. Disabling autocast.
  super().__init__(
/home/rusty_admin/projects/reachy_08.4.2/venv/lib/python3.12/site-packages/torch/utils/data/dataloader.py:1118: UserWarning: 'pin_memory' argument is set as true but no accelerator is found, then device pinned memory won't be used.
  super().__init__(loader)
/home/rusty_admin/projects/reachy_08.4.2/trainer/fer_finetune/train_efficientnet.py:278: FutureWarning: `torch.cuda.amp.autocast(args...)` is deprecated. Please use `torch.amp.autocast('cuda', args...)` instead.
  with autocast():
/home/rusty_admin/projects/reachy_08.4.2/venv/lib/python3.12/site-packages/torch/cuda/amp/autocast_mode.py:54: UserWarning: CUDA is not available or torch_xla is imported. Disabling autocast.
  super().__init__(
/home/rusty_admin/projects/reachy_08.4.2/venv/lib/python3.12/site-packages/torch/utils/data/dataloader.py:1118: UserWarning: 'pin_memory' argument is set as true but no accelerator is found, then device pinned memory won't be used.
  super().__init__(loader)
/home/rusty_admin/projects/reachy_08.4.2/trainer/fer_finetune/train_efficientnet.py:349: FutureWarning: `torch.cuda.amp.autocast(args...)` is deprecated. Please use `torch.amp.autocast('cuda', args...)` instead.
  with autocast():
/home/rusty_admin/projects/reachy_08.4.2/venv/lib/python3.12/site-packages/torch/cuda/amp/autocast_mode.py:54: UserWarning: CUDA is not available or torch_xla is imported. Disabling autocast.
  super().__init__(
/home/rusty_admin/projects/reachy_08.4.2/venv/lib/python3.12/site-packages/sklearn/metrics/_classification.py:2924: UserWarning: y_pred contains classes not in y_true
  warnings.warn("y_pred contains classes not in y_true")
/home/rusty_admin/projects/reachy_08.4.2/venv/lib/python3.12/site-packages/torch/utils/data/dataloader.py:1118: UserWarning: 'pin_memory' argument is set as true but no accelerator is found, then device pinned memory won't be used.
  super().__init__(loader)
/home/rusty_admin/projects/reachy_08.4.2/trainer/fer_finetune/train_efficientnet.py:278: FutureWarning: `torch.cuda.amp.autocast(args...)` is deprecated. Please use `torch.amp.autocast('cuda', args...)` instead.
  with autocast():
/home/rusty_admin/projects/reachy_08.4.2/venv/lib/python3.12/site-packages/torch/cuda/amp/autocast_mode.py:54: UserWarning: CUDA is not available or torch_xla is imported. Disabling autocast.
  super().__init__(
/home/rusty_admin/projects/reachy_08.4.2/venv/lib/python3.12/site-packages/torch/utils/data/dataloader.py:1118: UserWarning: 'pin_memory' argument is set as true but no accelerator is found, then device pinned memory won't be used.
  super().__init__(loader)
/home/rusty_admin/projects/reachy_08.4.2/trainer/fer_finetune/train_efficientnet.py:349: FutureWarning: `torch.cuda.amp.autocast(args...)` is deprecated. Please use `torch.amp.autocast('cuda', args...)` instead.
  with autocast():
/home/rusty_admin/projects/reachy_08.4.2/venv/lib/python3.12/site-packages/torch/cuda/amp/autocast_mode.py:54: UserWarning: CUDA is not available or torch_xla is imported. Disabling autocast.
  super().__init__(
/home/rusty_admin/projects/reachy_08.4.2/venv/lib/python3.12/site-packages/sklearn/metrics/_classification.py:2924: UserWarning: y_pred contains classes not in y_true
  warnings.warn("y_pred contains classes not in y_true")
/home/rusty_admin/projects/reachy_08.4.2/venv/lib/python3.12/site-packages/torch/utils/data/dataloader.py:1118: UserWarning: 'pin_memory' argument is set as true but no accelerator is found, then device pinned memory won't be used.
  super().__init__(loader)
/home/rusty_admin/projects/reachy_08.4.2/trainer/fer_finetune/train_efficientnet.py:278: FutureWarning: `torch.cuda.amp.autocast(args...)` is deprecated. Please use `torch.amp.autocast('cuda', args...)` instead.
  with autocast():
/home/rusty_admin/projects/reachy_08.4.2/venv/lib/python3.12/site-packages/torch/cuda/amp/autocast_mode.py:54: UserWarning: CUDA is not available or torch_xla is imported. Disabling autocast.
  super().__init__(
/home/rusty_admin/projects/reachy_08.4.2/venv/lib/python3.12/site-packages/torch/utils/data/dataloader.py:1118: UserWarning: 'pin_memory' argument is set as true but no accelerator is found, then device pinned memory won't be used.
  super().__init__(loader)
/home/rusty_admin/projects/reachy_08.4.2/trainer/fer_finetune/train_efficientnet.py:349: FutureWarning: `torch.cuda.amp.autocast(args...)` is deprecated. Please use `torch.amp.autocast('cuda', args...)` instead.
  with autocast():
/home/rusty_admin/projects/reachy_08.4.2/venv/lib/python3.12/site-packages/torch/cuda/amp/autocast_mode.py:54: UserWarning: CUDA is not available or torch_xla is imported. Disabling autocast.
  super().__init__(
/home/rusty_admin/projects/reachy_08.4.2/venv/lib/python3.12/site-packages/sklearn/metrics/_classification.py:2924: UserWarning: y_pred contains classes not in y_true
  warnings.warn("y_pred contains classes not in y_true")
/home/rusty_admin/projects/reachy_08.4.2/venv/lib/python3.12/site-packages/torch/utils/data/dataloader.py:1118: UserWarning: 'pin_memory' argument is set as true but no accelerator is found, then device pinned memory won't be used.
  super().__init__(loader)
/home/rusty_admin/projects/reachy_08.4.2/trainer/fer_finetune/train_efficientnet.py:278: FutureWarning: `torch.cuda.amp.autocast(args...)` is deprecated. Please use `torch.amp.autocast('cuda', args...)` instead.
  with autocast():
/home/rusty_admin/projects/reachy_08.4.2/venv/lib/python3.12/site-packages/torch/cuda/amp/autocast_mode.py:54: UserWarning: CUDA is not available or torch_xla is imported. Disabling autocast.
  super().__init__(
/home/rusty_admin/projects/reachy_08.4.2/venv/lib/python3.12/site-packages/torch/utils/data/dataloader.py:1118: UserWarning: 'pin_memory' argument is set as true but no accelerator is found, then device pinned memory won't be used.
  super().__init__(loader)
/home/rusty_admin/projects/reachy_08.4.2/trainer/fer_finetune/train_efficientnet.py:349: FutureWarning: `torch.cuda.amp.autocast(args...)` is deprecated. Please use `torch.amp.autocast('cuda', args...)` instead.
  with autocast():
/home/rusty_admin/projects/reachy_08.4.2/venv/lib/python3.12/site-packages/torch/cuda/amp/autocast_mode.py:54: UserWarning: CUDA is not available or torch_xla is imported. Disabling autocast.
  super().__init__(
/home/rusty_admin/projects/reachy_08.4.2/venv/lib/python3.12/site-packages/sklearn/metrics/_classification.py:2924: UserWarning: y_pred contains classes not in y_true
  warnings.warn("y_pred contains classes not in y_true")
/home/rusty_admin/projects/reachy_08.4.2/venv/lib/python3.12/site-packages/torch/utils/data/dataloader.py:1118: UserWarning: 'pin_memory' argument is set as true but no accelerator is found, then device pinned memory won't be used.
  super().__init__(loader)
/home/rusty_admin/projects/reachy_08.4.2/trainer/fer_finetune/train_efficientnet.py:278: FutureWarning: `torch.cuda.amp.autocast(args...)` is deprecated. Please use `torch.amp.autocast('cuda', args...)` instead.
  with autocast():
/home/rusty_admin/projects/reachy_08.4.2/venv/lib/python3.12/site-packages/torch/cuda/amp/autocast_mode.py:54: UserWarning: CUDA is not available or torch_xla is imported. Disabling autocast.
  super().__init__(
/home/rusty_admin/projects/reachy_08.4.2/venv/lib/python3.12/site-packages/torch/utils/data/dataloader.py:1118: UserWarning: 'pin_memory' argument is set as true but no accelerator is found, then device pinned memory won't be used.
  super().__init__(loader)
/home/rusty_admin/projects/reachy_08.4.2/trainer/fer_finetune/train_efficientnet.py:349: FutureWarning: `torch.cuda.amp.autocast(args...)` is deprecated. Please use `torch.amp.autocast('cuda', args...)` instead.
  with autocast():
/home/rusty_admin/projects/reachy_08.4.2/venv/lib/python3.12/site-packages/torch/cuda/amp/autocast_mode.py:54: UserWarning: CUDA is not available or torch_xla is imported. Disabling autocast.
  super().__init__(
/home/rusty_admin/projects/reachy_08.4.2/venv/lib/python3.12/site-packages/sklearn/metrics/_classification.py:2924: UserWarning: y_pred contains classes not in y_true
  warnings.warn("y_pred contains classes not in y_true")
/home/rusty_admin/projects/reachy_08.4.2/venv/lib/python3.12/site-packages/torch/utils/data/dataloader.py:1118: UserWarning: 'pin_memory' argument is set as true but no accelerator is found, then device pinned memory won't be used.
  super().__init__(loader)
/home/rusty_admin/projects/reachy_08.4.2/trainer/fer_finetune/train_efficientnet.py:278: FutureWarning: `torch.cuda.amp.autocast(args...)` is deprecated. Please use `torch.amp.autocast('cuda', args...)` instead.
  with autocast():
/home/rusty_admin/projects/reachy_08.4.2/venv/lib/python3.12/site-packages/torch/cuda/amp/autocast_mode.py:54: UserWarning: CUDA is not available or torch_xla is imported. Disabling autocast.
  super().__init__(
/home/rusty_admin/projects/reachy_08.4.2/venv/lib/python3.12/site-packages/torch/utils/data/dataloader.py:1118: UserWarning: 'pin_memory' argument is set as true but no accelerator is found, then device pinned memory won't be used.
  super().__init__(loader)
/home/rusty_admin/projects/reachy_08.4.2/trainer/fer_finetune/train_efficientnet.py:349: FutureWarning: `torch.cuda.amp.autocast(args...)` is deprecated. Please use `torch.amp.autocast('cuda', args...)` instead.
  with autocast():
/home/rusty_admin/projects/reachy_08.4.2/venv/lib/python3.12/site-packages/torch/cuda/amp/autocast_mode.py:54: UserWarning: CUDA is not available or torch_xla is imported. Disabling autocast.
  super().__init__(
/home/rusty_admin/projects/reachy_08.4.2/venv/lib/python3.12/site-packages/torch/utils/data/dataloader.py:1118: UserWarning: 'pin_memory' argument is set as true but no accelerator is found, then device pinned memory won't be used.
  super().__init__(loader)
/home/rusty_admin/projects/reachy_08.4.2/trainer/fer_finetune/train_efficientnet.py:278: FutureWarning: `torch.cuda.amp.autocast(args...)` is deprecated. Please use `torch.amp.autocast('cuda', args...)` instead.
  with autocast():
/home/rusty_admin/projects/reachy_08.4.2/venv/lib/python3.12/site-packages/torch/cuda/amp/autocast_mode.py:54: UserWarning: CUDA is not available or torch_xla is imported. Disabling autocast.
  super().__init__(
/home/rusty_admin/projects/reachy_08.4.2/venv/lib/python3.12/site-packages/torch/utils/data/dataloader.py:1118: UserWarning: 'pin_memory' argument is set as true but no accelerator is found, then device pinned memory won't be used.
  super().__init__(loader)
/home/rusty_admin/projects/reachy_08.4.2/trainer/fer_finetune/train_efficientnet.py:349: FutureWarning: `torch.cuda.amp.autocast(args...)` is deprecated. Please use `torch.amp.autocast('cuda', args...)` instead.
  with autocast():
/home/rusty_admin/projects/reachy_08.4.2/venv/lib/python3.12/site-packages/torch/cuda/amp/autocast_mode.py:54: UserWarning: CUDA is not available or torch_xla is imported. Disabling autocast.
  super().__init__(
/home/rusty_admin/projects/reachy_08.4.2/venv/lib/python3.12/site-packages/sklearn/metrics/_classification.py:2924: UserWarning: y_pred contains classes not in y_true
  warnings.warn("y_pred contains classes not in y_true")
/home/rusty_admin/projects/reachy_08.4.2/venv/lib/python3.12/site-packages/torch/utils/data/dataloader.py:1118: UserWarning: 'pin_memory' argument is set as true but no accelerator is found, then device pinned memory won't be used.
  super().__init__(loader)
/home/rusty_admin/projects/reachy_08.4.2/trainer/fer_finetune/train_efficientnet.py:278: FutureWarning: `torch.cuda.amp.autocast(args...)` is deprecated. Please use `torch.amp.autocast('cuda', args...)` instead.
  with autocast():
/home/rusty_admin/projects/reachy_08.4.2/venv/lib/python3.12/site-packages/torch/cuda/amp/autocast_mode.py:54: UserWarning: CUDA is not available or torch_xla is imported. Disabling autocast.
  super().__init__(
/home/rusty_admin/projects/reachy_08.4.2/venv/lib/python3.12/site-packages/torch/utils/data/dataloader.py:1118: UserWarning: 'pin_memory' argument is set as true but no accelerator is found, then device pinned memory won't be used.
  super().__init__(loader)
/home/rusty_admin/projects/reachy_08.4.2/trainer/fer_finetune/train_efficientnet.py:349: FutureWarning: `torch.cuda.amp.autocast(args...)` is deprecated. Please use `torch.amp.autocast('cuda', args...)` instead.
  with autocast():
/home/rusty_admin/projects/reachy_08.4.2/venv/lib/python3.12/site-packages/torch/cuda/amp/autocast_mode.py:54: UserWarning: CUDA is not available or torch_xla is imported. Disabling autocast.
  super().__init__(
/home/rusty_admin/projects/reachy_08.4.2/venv/lib/python3.12/site-packages/torch/utils/data/dataloader.py:1118: UserWarning: 'pin_memory' argument is set as true but no accelerator is found, then device pinned memory won't be used.
  super().__init__(loader)
/home/rusty_admin/projects/reachy_08.4.2/trainer/fer_finetune/train_efficientnet.py:278: FutureWarning: `torch.cuda.amp.autocast(args...)` is deprecated. Please use `torch.amp.autocast('cuda', args...)` instead.
  with autocast():
/home/rusty_admin/projects/reachy_08.4.2/venv/lib/python3.12/site-packages/torch/cuda/amp/autocast_mode.py:54: UserWarning: CUDA is not available or torch_xla is imported. Disabling autocast.
  super().__init__(
/home/rusty_admin/projects/reachy_08.4.2/venv/lib/python3.12/site-packages/torch/utils/data/dataloader.py:1118: UserWarning: 'pin_memory' argument is set as true but no accelerator is found, then device pinned memory won't be used.
  super().__init__(loader)
/home/rusty_admin/projects/reachy_08.4.2/trainer/fer_finetune/train_efficientnet.py:349: FutureWarning: `torch.cuda.amp.autocast(args...)` is deprecated. Please use `torch.amp.autocast('cuda', args...)` instead.
  with autocast():
/home/rusty_admin/projects/reachy_08.4.2/venv/lib/python3.12/site-packages/torch/cuda/amp/autocast_mode.py:54: UserWarning: CUDA is not available or torch_xla is imported. Disabling autocast.
  super().__init__(
/home/rusty_admin/projects/reachy_08.4.2/venv/lib/python3.12/site-packages/torch/utils/data/dataloader.py:1118: UserWarning: 'pin_memory' argument is set as true but no accelerator is found, then device pinned memory won't be used.
  super().__init__(loader)
/home/rusty_admin/projects/reachy_08.4.2/trainer/fer_finetune/train_efficientnet.py:278: FutureWarning: `torch.cuda.amp.autocast(args...)` is deprecated. Please use `torch.amp.autocast('cuda', args...)` instead.
  with autocast():
/home/rusty_admin/projects/reachy_08.4.2/venv/lib/python3.12/site-packages/torch/cuda/amp/autocast_mode.py:54: UserWarning: CUDA is not available or torch_xla is imported. Disabling autocast.
  super().__init__(
/home/rusty_admin/projects/reachy_08.4.2/venv/lib/python3.12/site-packages/torch/utils/data/dataloader.py:1118: UserWarning: 'pin_memory' argument is set as true but no accelerator is found, then device pinned memory won't be used.
  super().__init__(loader)
/home/rusty_admin/projects/reachy_08.4.2/trainer/fer_finetune/train_efficientnet.py:349: FutureWarning: `torch.cuda.amp.autocast(args...)` is deprecated. Please use `torch.amp.autocast('cuda', args...)` instead.
  with autocast():
/home/rusty_admin/projects/reachy_08.4.2/venv/lib/python3.12/site-packages/torch/cuda/amp/autocast_mode.py:54: UserWarning: CUDA is not available or torch_xla is imported. Disabling autocast.
  super().__init__(
/home/rusty_admin/projects/reachy_08.4.2/venv/lib/python3.12/site-packages/sklearn/metrics/_classification.py:2924: UserWarning: y_pred contains classes not in y_true
  warnings.warn("y_pred contains classes not in y_true")
/home/rusty_admin/projects/reachy_08.4.2/venv/lib/python3.12/site-packages/torch/utils/data/dataloader.py:1118: UserWarning: 'pin_memory' argument is set as true but no accelerator is found, then device pinned memory won't be used.
  super().__init__(loader)
/home/rusty_admin/projects/reachy_08.4.2/trainer/fer_finetune/train_efficientnet.py:278: FutureWarning: `torch.cuda.amp.autocast(args...)` is deprecated. Please use `torch.amp.autocast('cuda', args...)` instead.
  with autocast():
/home/rusty_admin/projects/reachy_08.4.2/venv/lib/python3.12/site-packages/torch/cuda/amp/autocast_mode.py:54: UserWarning: CUDA is not available or torch_xla is imported. Disabling autocast.
  super().__init__(
/home/rusty_admin/projects/reachy_08.4.2/venv/lib/python3.12/site-packages/torch/utils/data/dataloader.py:1118: UserWarning: 'pin_memory' argument is set as true but no accelerator is found, then device pinned memory won't be used.
  super().__init__(loader)
/home/rusty_admin/projects/reachy_08.4.2/trainer/fer_finetune/train_efficientnet.py:349: FutureWarning: `torch.cuda.amp.autocast(args...)` is deprecated. Please use `torch.amp.autocast('cuda', args...)` instead.
  with autocast():
/home/rusty_admin/projects/reachy_08.4.2/venv/lib/python3.12/site-packages/torch/cuda/amp/autocast_mode.py:54: UserWarning: CUDA is not available or torch_xla is imported. Disabling autocast.
  super().__init__(
/home/rusty_admin/projects/reachy_08.4.2/venv/lib/python3.12/site-packages/torch/utils/data/dataloader.py:1118: UserWarning: 'pin_memory' argument is set as true but no accelerator is found, then device pinned memory won't be used.
  super().__init__(loader)
/home/rusty_admin/projects/reachy_08.4.2/trainer/fer_finetune/train_efficientnet.py:278: FutureWarning: `torch.cuda.amp.autocast(args...)` is deprecated. Please use `torch.amp.autocast('cuda', args...)` instead.
  with autocast():
/home/rusty_admin/projects/reachy_08.4.2/venv/lib/python3.12/site-packages/torch/cuda/amp/autocast_mode.py:54: UserWarning: CUDA is not available or torch_xla is imported. Disabling autocast.
  super().__init__(
/home/rusty_admin/projects/reachy_08.4.2/venv/lib/python3.12/site-packages/torch/utils/data/dataloader.py:1118: UserWarning: 'pin_memory' argument is set as true but no accelerator is found, then device pinned memory won't be used.
  super().__init__(loader)
/home/rusty_admin/projects/reachy_08.4.2/trainer/fer_finetune/train_efficientnet.py:349: FutureWarning: `torch.cuda.amp.autocast(args...)` is deprecated. Please use `torch.amp.autocast('cuda', args...)` instead.
  with autocast():
/home/rusty_admin/projects/reachy_08.4.2/venv/lib/python3.12/site-packages/torch/cuda/amp/autocast_mode.py:54: UserWarning: CUDA is not available or torch_xla is imported. Disabling autocast.
  super().__init__(
/home/rusty_admin/projects/reachy_08.4.2/venv/lib/python3.12/site-packages/sklearn/metrics/_classification.py:2924: UserWarning: y_pred contains classes not in y_true
  warnings.warn("y_pred contains classes not in y_true")
/home/rusty_admin/projects/reachy_08.4.2/venv/lib/python3.12/site-packages/torch/utils/data/dataloader.py:1118: UserWarning: 'pin_memory' argument is set as true but no accelerator is found, then device pinned memory won't be used.
  super().__init__(loader)
/home/rusty_admin/projects/reachy_08.4.2/trainer/fer_finetune/train_efficientnet.py:278: FutureWarning: `torch.cuda.amp.autocast(args...)` is deprecated. Please use `torch.amp.autocast('cuda', args...)` instead.
  with autocast():
/home/rusty_admin/projects/reachy_08.4.2/venv/lib/python3.12/site-packages/torch/cuda/amp/autocast_mode.py:54: UserWarning: CUDA is not available or torch_xla is imported. Disabling autocast.
  super().__init__(
/home/rusty_admin/projects/reachy_08.4.2/venv/lib/python3.12/site-packages/torch/utils/data/dataloader.py:1118: UserWarning: 'pin_memory' argument is set as true but no accelerator is found, then device pinned memory won't be used.
  super().__init__(loader)
/home/rusty_admin/projects/reachy_08.4.2/trainer/fer_finetune/train_efficientnet.py:349: FutureWarning: `torch.cuda.amp.autocast(args...)` is deprecated. Please use `torch.amp.autocast('cuda', args...)` instead.
  with autocast():
/home/rusty_admin/projects/reachy_08.4.2/venv/lib/python3.12/site-packages/torch/cuda/amp/autocast_mode.py:54: UserWarning: CUDA is not available or torch_xla is imported. Disabling autocast.
  super().__init__(
/home/rusty_admin/projects/reachy_08.4.2/venv/lib/python3.12/site-packages/torch/utils/data/dataloader.py:1118: UserWarning: 'pin_memory' argument is set as true but no accelerator is found, then device pinned memory won't be used.
  super().__init__(loader)
/home/rusty_admin/projects/reachy_08.4.2/trainer/fer_finetune/train_efficientnet.py:278: FutureWarning: `torch.cuda.amp.autocast(args...)` is deprecated. Please use `torch.amp.autocast('cuda', args...)` instead.
  with autocast():
/home/rusty_admin/projects/reachy_08.4.2/venv/lib/python3.12/site-packages/torch/cuda/amp/autocast_mode.py:54: UserWarning: CUDA is not available or torch_xla is imported. Disabling autocast.
  super().__init__(
/home/rusty_admin/projects/reachy_08.4.2/venv/lib/python3.12/site-packages/torch/utils/data/dataloader.py:1118: UserWarning: 'pin_memory' argument is set as true but no accelerator is found, then device pinned memory won't be used.
  super().__init__(loader)
/home/rusty_admin/projects/reachy_08.4.2/trainer/fer_finetune/train_efficientnet.py:349: FutureWarning: `torch.cuda.amp.autocast(args...)` is deprecated. Please use `torch.amp.autocast('cuda', args...)` instead.
  with autocast():
/home/rusty_admin/projects/reachy_08.4.2/venv/lib/python3.12/site-packages/torch/cuda/amp/autocast_mode.py:54: UserWarning: CUDA is not available or torch_xla is imported. Disabling autocast.
  super().__init__(
/home/rusty_admin/projects/reachy_08.4.2/venv/lib/python3.12/site-packages/sklearn/metrics/_classification.py:2924: UserWarning: y_pred contains classes not in y_true
  warnings.warn("y_pred contains classes not in y_true")
/home/rusty_admin/projects/reachy_08.4.2/venv/lib/python3.12/site-packages/torch/utils/data/dataloader.py:1118: UserWarning: 'pin_memory' argument is set as true but no accelerator is found, then device pinned memory won't be used.
  super().__init__(loader)
/home/rusty_admin/projects/reachy_08.4.2/trainer/fer_finetune/train_efficientnet.py:278: FutureWarning: `torch.cuda.amp.autocast(args...)` is deprecated. Please use `torch.amp.autocast('cuda', args...)` instead.
  with autocast():
/home/rusty_admin/projects/reachy_08.4.2/venv/lib/python3.12/site-packages/torch/cuda/amp/autocast_mode.py:54: UserWarning: CUDA is not available or torch_xla is imported. Disabling autocast.
  super().__init__(
/home/rusty_admin/projects/reachy_08.4.2/venv/lib/python3.12/site-packages/torch/utils/data/dataloader.py:1118: UserWarning: 'pin_memory' argument is set as true but no accelerator is found, then device pinned memory won't be used.
  super().__init__(loader)
/home/rusty_admin/projects/reachy_08.4.2/trainer/fer_finetune/train_efficientnet.py:349: FutureWarning: `torch.cuda.amp.autocast(args...)` is deprecated. Please use `torch.amp.autocast('cuda', args...)` instead.
  with autocast():
/home/rusty_admin/projects/reachy_08.4.2/venv/lib/python3.12/site-packages/torch/cuda/amp/autocast_mode.py:54: UserWarning: CUDA is not available or torch_xla is imported. Disabling autocast.
  super().__init__(
/home/rusty_admin/projects/reachy_08.4.2/venv/lib/python3.12/site-packages/sklearn/metrics/_classification.py:2924: UserWarning: y_pred contains classes not in y_true
  warnings.warn("y_pred contains classes not in y_true")
/home/rusty_admin/projects/reachy_08.4.2/venv/lib/python3.12/site-packages/torch/utils/data/dataloader.py:1118: UserWarning: 'pin_memory' argument is set as true but no accelerator is found, then device pinned memory won't be used.
  super().__init__(loader)
/home/rusty_admin/projects/reachy_08.4.2/trainer/fer_finetune/train_efficientnet.py:278: FutureWarning: `torch.cuda.amp.autocast(args...)` is deprecated. Please use `torch.amp.autocast('cuda', args...)` instead.
  with autocast():
/home/rusty_admin/projects/reachy_08.4.2/venv/lib/python3.12/site-packages/torch/cuda/amp/autocast_mode.py:54: UserWarning: CUDA is not available or torch_xla is imported. Disabling autocast.
  super().__init__(
/home/rusty_admin/projects/reachy_08.4.2/venv/lib/python3.12/site-packages/torch/utils/data/dataloader.py:1118: UserWarning: 'pin_memory' argument is set as true but no accelerator is found, then device pinned memory won't be used.
  super().__init__(loader)
/home/rusty_admin/projects/reachy_08.4.2/trainer/fer_finetune/train_efficientnet.py:349: FutureWarning: `torch.cuda.amp.autocast(args...)` is deprecated. Please use `torch.amp.autocast('cuda', args...)` instead.
  with autocast():
/home/rusty_admin/projects/reachy_08.4.2/venv/lib/python3.12/site-packages/torch/cuda/amp/autocast_mode.py:54: UserWarning: CUDA is not available or torch_xla is imported. Disabling autocast.
  super().__init__(
/home/rusty_admin/projects/reachy_08.4.2/venv/lib/python3.12/site-packages/sklearn/metrics/_classification.py:2924: UserWarning: y_pred contains classes not in y_true
  warnings.warn("y_pred contains classes not in y_true")
/home/rusty_admin/projects/reachy_08.4.2/venv/lib/python3.12/site-packages/torch/utils/data/dataloader.py:1118: UserWarning: 'pin_memory' argument is set as true but no accelerator is found, then device pinned memory won't be used.
  super().__init__(loader)
/home/rusty_admin/projects/reachy_08.4.2/trainer/fer_finetune/train_efficientnet.py:278: FutureWarning: `torch.cuda.amp.autocast(args...)` is deprecated. Please use `torch.amp.autocast('cuda', args...)` instead.
  with autocast():
/home/rusty_admin/projects/reachy_08.4.2/venv/lib/python3.12/site-packages/torch/cuda/amp/autocast_mode.py:54: UserWarning: CUDA is not available or torch_xla is imported. Disabling autocast.
  super().__init__(
/home/rusty_admin/projects/reachy_08.4.2/venv/lib/python3.12/site-packages/torch/utils/data/dataloader.py:1118: UserWarning: 'pin_memory' argument is set as true but no accelerator is found, then device pinned memory won't be used.
  super().__init__(loader)
/home/rusty_admin/projects/reachy_08.4.2/trainer/fer_finetune/train_efficientnet.py:349: FutureWarning: `torch.cuda.amp.autocast(args...)` is deprecated. Please use `torch.amp.autocast('cuda', args...)` instead.
  with autocast():
/home/rusty_admin/projects/reachy_08.4.2/venv/lib/python3.12/site-packages/torch/cuda/amp/autocast_mode.py:54: UserWarning: CUDA is not available or torch_xla is imported. Disabling autocast.
  super().__init__(
/home/rusty_admin/projects/reachy_08.4.2/venv/lib/python3.12/site-packages/torch/utils/data/dataloader.py:1118: UserWarning: 'pin_memory' argument is set as true but no accelerator is found, then device pinned memory won't be used.
  super().__init__(loader)
/home/rusty_admin/projects/reachy_08.4.2/trainer/fer_finetune/train_efficientnet.py:278: FutureWarning: `torch.cuda.amp.autocast(args...)` is deprecated. Please use `torch.amp.autocast('cuda', args...)` instead.
  with autocast():
/home/rusty_admin/projects/reachy_08.4.2/venv/lib/python3.12/site-packages/torch/cuda/amp/autocast_mode.py:54: UserWarning: CUDA is not available or torch_xla is imported. Disabling autocast.
  super().__init__(
/home/rusty_admin/projects/reachy_08.4.2/venv/lib/python3.12/site-packages/torch/utils/data/dataloader.py:1118: UserWarning: 'pin_memory' argument is set as true but no accelerator is found, then device pinned memory won't be used.
  super().__init__(loader)
/home/rusty_admin/projects/reachy_08.4.2/trainer/fer_finetune/train_efficientnet.py:349: FutureWarning: `torch.cuda.amp.autocast(args...)` is deprecated. Please use `torch.amp.autocast('cuda', args...)` instead.
  with autocast():
/home/rusty_admin/projects/reachy_08.4.2/venv/lib/python3.12/site-packages/torch/cuda/amp/autocast_mode.py:54: UserWarning: CUDA is not available or torch_xla is imported. Disabling autocast.
  super().__init__(
/home/rusty_admin/projects/reachy_08.4.2/venv/lib/python3.12/site-packages/sklearn/metrics/_classification.py:2924: UserWarning: y_pred contains classes not in y_true
  warnings.warn("y_pred contains classes not in y_true")
Training completed - Gate A FAILED
timm not installed, trying torchvision
Using torchvision EfficientNet-B0 (ImageNet weights)
/home/rusty_admin/projects/reachy_08.4.2/venv/lib/python3.12/site-packages/torch/utils/data/dataloader.py:775: UserWarning: 'pin_memory' argument is set as true but no accelerator is found, then device pinned memory won't be used.
  super().__init__(loader)
{
  "predictions": "/home/rusty_admin/projects/reachy_08.4.2/stats/results/run_0146_predictions.npz",
  "gate_report": "/home/rusty_admin/projects/reachy_08.4.2/stats/results/run_0146_gate_a.json",
  "overall_pass": false,
  "onnx_path": null
}
